Now listening on: https://localhost:7224
Now listening on: http://localhost:5043
Application started. Press Ctrl+C to shut down.
Hosting environment: Development
Content root path: C:\Users\clums\Desktop\Study\C#\OmokServer\WebAPI
[컨트롤러] 로그인 요청 수신: hihi
[로그인 서비스] - 로그인 성공, Username: hihi
[컨트롤러] 로그인 요청 수신: bi
[로그인 서비스] - 로그인 성공, Username: bi
전적 조회 요청 수신. Requester: 4, Target: 3
권한 없는 전적 조회 시도. Requester: 4, Target: 3
전적 조회 요청 수신. Requester: 4, Target: 4
전적 조회 서비스 호출. UserId: 4
[매칭 컨트롤러] - 요청 수신. UserId: 4
유저 4가 대기열에 추가되었습니다. 현재 대기인원: 1
[매칭 컨트롤러] - 요청 수신. UserId: 3
유저 3가 대기열에 추가되었습니다. 현재 대기인원: 2
매칭되었으나 상대방이 오프라인 상태입니다. 매칭을 취소합니다.
[매칭 컨트롤러] - 요청 수신. UserId: 4
매칭되었으나 상대방이 오프라인 상태입니다. 매칭을 취소합니다.
[매칭 컨트롤러] - 요청 수신. UserId: 3
매칭되었으나 상대방이 오프라인 상태입니다. 매칭을 취소합니다.
Now listening on: https://localhost:7224
Now listening on: http://localhost:5043
Application started. Press Ctrl+C to shut down.
Hosting environment: Development
Content root path: C:\Users\clums\Desktop\Study\C#\OmokServer\WebAPI
Now listening on: https://localhost:7224
Now listening on: http://localhost:5043
Application started. Press Ctrl+C to shut down.
Hosting environment: Development
Content root path: C:\Users\clums\Desktop\Study\C#\OmokServer\WebAPI
[컨트롤러] 회원가입 요청 수신: bi
An unhandled exception has occurred while executing the request.
MySql.Data.MySqlClient.MySqlException: Duplicate entry 'bi' for key 'users.UK_Users_Username'
   at MySql.Data.MySqlClient.MySqlStream.ReadPacketAsync(Boolean execAsync)
   at MySql.Data.MySqlClient.NativeDriver.GetResultAsync(Int32 affectedRow, Int64 insertedId, Boolean execAsync)
   at MySql.Data.MySqlClient.Driver.GetResultAsync(Int32 statementId, Int32 affectedRows, Int64 insertedId, Boolean execAsync)
   at MySql.Data.MySqlClient.Driver.NextResultAsync(Int32 statementId, Boolean force, Boolean execAsync)
   at MySql.Data.MySqlClient.MySqlDataReader.NextResultAsync(Boolean execAsync, CancellationToken cancellationToken)
   at MySql.Data.MySqlClient.MySqlDataReader.NextResultAsync(Boolean execAsync, CancellationToken cancellationToken)
   at MySql.Data.MySqlClient.MySqlCommand.ExecuteReaderAsync(CommandBehavior behavior, Boolean execAsync, CancellationToken cancellationToken)
   at MySql.Data.MySqlClient.MySqlCommand.ExecuteReaderAsync(CommandBehavior behavior, Boolean execAsync, CancellationToken cancellationToken)
   at MySql.Data.MySqlClient.MySqlCommand.ExecuteReaderAsync(CommandBehavior behavior, Boolean execAsync, CancellationToken cancellationToken)
   at MySql.Data.MySqlClient.MySqlCommand.ExecuteNonQueryAsync(Boolean execAsync, CancellationToken cancellationToken)
   at Dapper.SqlMapper.ExecuteImplAsync(IDbConnection cnn, CommandDefinition command, Object param) in /_/Dapper/SqlMapper.Async.cs:line 646
   at SqlKata.Execution.QueryFactory.ExecuteAsync(Query query, IDbTransaction transaction, Nullable`1 timeout, CancellationToken cancellationToken)
   at SqlKata.Execution.QueryExtensions.InsertAsync(Query query, Object data, IDbTransaction transaction, Nullable`1 timeout, CancellationToken cancellationToken)
   at OmokServer.Repositories.UserRepository.AddAsync(User user) in C:\Users\clums\Desktop\Study\C#\OmokServer\WebAPI\Repositories\UserRepository.cs:line 16
   at OmokServer.Services.AuthService.RegisterAsync(RegisterRequestDto request) in C:\Users\clums\Desktop\Study\C#\OmokServer\WebAPI\Services\AuthService.cs:line 43
   at OmokServer.Controllers.UsersController.Register(RegisterRequestDto request) in C:\Users\clums\Desktop\Study\C#\OmokServer\WebAPI\Controllers\UsersController.cs:line 36
   at Microsoft.AspNetCore.Mvc.Infrastructure.ActionMethodExecutor.TaskOfIActionResultExecutor.Execute(ActionContext actionContext, IActionResultTypeMapper mapper, ObjectMethodExecutor executor, Object controller, Object[] arguments)
   at Microsoft.AspNetCore.Mvc.Infrastructure.ControllerActionInvoker.<InvokeActionMethodAsync>g__Awaited|12_0(ControllerActionInvoker invoker, ValueTask`1 actionResultValueTask)
   at Microsoft.AspNetCore.Mvc.Infrastructure.ControllerActionInvoker.<InvokeNextActionFilterAsync>g__Awaited|10_0(ControllerActionInvoker invoker, Task lastTask, State next, Scope scope, Object state, Boolean isCompleted)
   at Microsoft.AspNetCore.Mvc.Infrastructure.ControllerActionInvoker.Rethrow(ActionExecutedContextSealed context)
   at Microsoft.AspNetCore.Mvc.Infrastructure.ControllerActionInvoker.Next(State& next, Scope& scope, Object& state, Boolean& isCompleted)
   at Microsoft.AspNetCore.Mvc.Infrastructure.ControllerActionInvoker.<InvokeInnerFilterAsync>g__Awaited|13_0(ControllerActionInvoker invoker, Task lastTask, State next, Scope scope, Object state, Boolean isCompleted)
   at Microsoft.AspNetCore.Mvc.Infrastructure.ResourceInvoker.<InvokeFilterPipelineAsync>g__Awaited|20_0(ResourceInvoker invoker, Task lastTask, State next, Scope scope, Object state, Boolean isCompleted)
   at Microsoft.AspNetCore.Mvc.Infrastructure.ResourceInvoker.<InvokeAsync>g__Awaited|17_0(ResourceInvoker invoker, Task task, IDisposable scope)
   at Microsoft.AspNetCore.Mvc.Infrastructure.ResourceInvoker.<InvokeAsync>g__Awaited|17_0(ResourceInvoker invoker, Task task, IDisposable scope)
   at Microsoft.AspNetCore.Authorization.AuthorizationMiddleware.Invoke(HttpContext context)
   at Microsoft.AspNetCore.Authentication.AuthenticationMiddleware.Invoke(HttpContext context)
   at Swashbuckle.AspNetCore.SwaggerUI.SwaggerUIMiddleware.Invoke(HttpContext httpContext)
   at Swashbuckle.AspNetCore.Swagger.SwaggerMiddleware.Invoke(HttpContext httpContext, ISwaggerProvider swaggerProvider)
   at Microsoft.AspNetCore.Diagnostics.DeveloperExceptionPageMiddlewareImpl.Invoke(HttpContext context)
[컨트롤러] 로그인 요청 수신: hihi
[로그인 서비스] - 로그인 성공, Username: hihi
[컨트롤러] 로그인 요청 수신: hi
[로그인 서비스] - 인증 실패, Username: hi
[컨트롤러] 로그인 요청 수신: hi
[로그인 서비스] - 인증 실패, Username: hi
[컨트롤러] 로그인 요청 수신: bi
[로그인 서비스] - 로그인 성공, Username: bi
전적 조회 요청 수신. Requester: 4, Target: 4
전적 조회 서비스 호출. UserId: 4
[매칭 컨트롤러] - 요청 수신. UserId: 4
유저 4가 대기열에 추가되었습니다. 현재 대기인원: 1
[매칭 컨트롤러] - 요청 수신. UserId: 3
유저 3가 대기열에 추가되었습니다. 현재 대기인원: 2
매칭되었으나 상대방이 오프라인 상태입니다. 매칭을 취소합니다.
[매칭 컨트롤러] - 요청 수신. UserId: 3
유저 3가 대기열에 추가되었습니다. 현재 대기인원: 1
[매칭 컨트롤러] - 요청 수신. UserId: 4
유저 4가 대기열에 추가되었습니다. 현재 대기인원: 2
매칭되었으나 상대방이 오프라인 상태입니다. 매칭을 취소합니다.
