Now listening on: https://localhost:7224
Now listening on: http://localhost:5043
Application started. Press Ctrl+C to shut down.
Hosting environment: Development
Content root path: C:\Users\clums\Desktop\Study\C#\OmokServer\WebAPI
[로그인] - 요청 시작, Username: bi
[로그인 서비스] - 로그인 성공, Username: bi
전적 조회 요청 수신. UserId: 4
전적 조회 서비스 호출. UserId: 4
Now listening on: https://localhost:7224
Now listening on: http://localhost:5043
Application started. Press Ctrl+C to shut down.
Hosting environment: Development
Content root path: C:\Users\clums\Desktop\Study\C#\OmokServer\WebAPI
[컨트롤러] 로그인 요청 수신: bi
[로그인 서비스] - 로그인 성공, Username: bi
경기 결과 저장 요청 수신. Winner: 2, Loser: 4
경기 결과 저장 성공. Winner: 2, Loser: 4
전적 조회 요청 수신. UserId: 1
전적 조회 서비스 호출. UserId: 1
전적 조회 요청 수신. UserId: 2
전적 조회 서비스 호출. UserId: 2
전적 조회 요청 수신. UserId: 3
전적 조회 서비스 호출. UserId: 3
전적 조회 요청 수신. UserId: 4
전적 조회 서비스 호출. UserId: 4
