Now listening on: https://localhost:7224
Now listening on: http://localhost:5043
Application started. Press Ctrl+C to shut down.
Hosting environment: Development
Content root path: C:\Users\clums\Desktop\Study\C#\OmokServer\WebAPI
[컨트롤러] 로그인 요청 수신: hihi
[로그인 서비스] - 로그인 성공, Username: hihi
[컨트롤러] 로그인 요청 수신: bi
[로그인 서비스] - 로그인 성공, Username: bi
An unhandled exception has occurred while executing the request.
System.InvalidOperationException: Unable to resolve service for type 'OmokServer.Services.MatchmakingService' while attempting to activate 'OmokServer.Controllers.MatchmakingController'.
   at Microsoft.Extensions.DependencyInjection.ActivatorUtilities.ThrowHelperUnableToResolveService(Type type, Type requiredBy)
   at lambda_method19(Closure, IServiceProvider, Object[])
   at Microsoft.AspNetCore.Mvc.Controllers.ControllerFactoryProvider.<>c__DisplayClass6_0.<CreateControllerFactory>g__CreateController|0(ControllerContext controllerContext)
   at Microsoft.AspNetCore.Mvc.Infrastructure.ControllerActionInvoker.Next(State& next, Scope& scope, Object& state, Boolean& isCompleted)
   at Microsoft.AspNetCore.Mvc.Infrastructure.ControllerActionInvoker.InvokeInnerFilterAsync()
--- End of stack trace from previous location ---
   at Microsoft.AspNetCore.Mvc.Infrastructure.ResourceInvoker.<InvokeFilterPipelineAsync>g__Awaited|20_0(ResourceInvoker invoker, Task lastTask, State next, Scope scope, Object state, Boolean isCompleted)
   at Microsoft.AspNetCore.Mvc.Infrastructure.ResourceInvoker.<InvokeAsync>g__Awaited|17_0(ResourceInvoker invoker, Task task, IDisposable scope)
   at Microsoft.AspNetCore.Mvc.Infrastructure.ResourceInvoker.<InvokeAsync>g__Awaited|17_0(ResourceInvoker invoker, Task task, IDisposable scope)
   at Microsoft.AspNetCore.Authorization.AuthorizationMiddleware.Invoke(HttpContext context)
   at Microsoft.AspNetCore.Authentication.AuthenticationMiddleware.Invoke(HttpContext context)
   at Swashbuckle.AspNetCore.SwaggerUI.SwaggerUIMiddleware.Invoke(HttpContext httpContext)
   at Swashbuckle.AspNetCore.Swagger.SwaggerMiddleware.Invoke(HttpContext httpContext, ISwaggerProvider swaggerProvider)
   at Microsoft.AspNetCore.Diagnostics.DeveloperExceptionPageMiddlewareImpl.Invoke(HttpContext context)
Now listening on: https://localhost:7224
Now listening on: http://localhost:5043
Application started. Press Ctrl+C to shut down.
Hosting environment: Development
Content root path: C:\Users\clums\Desktop\Study\C#\OmokServer\WebAPI
[컨트롤러] 로그인 요청 수신: hihi
[로그인 서비스] - 로그인 성공, Username: hihi
[컨트롤러] 로그인 요청 수신: bi
[로그인 서비스] - 로그인 성공, Username: bi
[매칭 컨트롤러] - 요청 수신. UserId: 3
유저 3가 대기열에 추가되었습니다. 현재 대기인원: 1
[매칭 컨트롤러] - 요청 수신. UserId: 4
유저 4가 대기열에 추가되었습니다. 현재 대기인원: 2
매칭되었으나 상대방이 오프라인 상태입니다. 매칭을 취소합니다.
