Now listening on: https://localhost:7224
Now listening on: http://localhost:5043
Application started. Press Ctrl+C to shut down.
Hosting environment: Development
Content root path: C:\Users\clums\Desktop\Study\C#\OmokServer\WebAPI
[회원가입] - Register, Username: david
[회원가입] - 성공, Username : david
Now listening on: https://localhost:7224
Now listening on: http://localhost:5043
Application started. Press Ctrl+C to shut down.
Hosting environment: Development
Content root path: C:\Users\clums\Desktop\Study\C#\OmokServer\WebAPI
Now listening on: https://localhost:7224
Now listening on: http://localhost:5043
Application started. Press Ctrl+C to shut down.
Hosting environment: Development
Content root path: C:\Users\clums\Desktop\Study\C#\OmokServer\WebAPI
[회원가입] - Register, Username: jason
[회원가입] - 성공, Username : jason
[회원가입] - Register, Username: david
An unhandled exception has occurred while executing the request.
Microsoft.CSharp.RuntimeBinder.RuntimeBinderException: Cannot implicitly convert type 'object' to 'WebAPI.Models.User'. An explicit conversion exists (are you missing a cast?)
   at CallSite.Target(Closure, CallSite, Object)
   at System.Dynamic.UpdateDelegates.UpdateAndExecute1[T0,TRet](CallSite site, T0 arg0)
   at WebAPI.Repositories.UserRepository.GetByUsernameAsync(String username) in C:\Users\clums\Desktop\Study\C#\OmokServer\WebAPI\Repositories\UserRepository.cs:line 27
   at WebAPI.Controllers.UsersController.Register(RegisterRequest request) in C:\Users\clums\Desktop\Study\C#\OmokServer\WebAPI\Controllers\UsersController.cs:line 30
   at Microsoft.AspNetCore.Mvc.Infrastructure.ActionMethodExecutor.TaskOfIActionResultExecutor.Execute(ActionContext actionContext, IActionResultTypeMapper mapper, ObjectMethodExecutor executor, Object controller, Object[] arguments)
   at Microsoft.AspNetCore.Mvc.Infrastructure.ControllerActionInvoker.<InvokeActionMethodAsync>g__Awaited|12_0(ControllerActionInvoker invoker, ValueTask`1 actionResultValueTask)
   at Microsoft.AspNetCore.Mvc.Infrastructure.ControllerActionInvoker.<InvokeNextActionFilterAsync>g__Awaited|10_0(ControllerActionInvoker invoker, Task lastTask, State next, Scope scope, Object state, Boolean isCompleted)
   at Microsoft.AspNetCore.Mvc.Infrastructure.ControllerActionInvoker.Rethrow(ActionExecutedContextSealed context)
   at Microsoft.AspNetCore.Mvc.Infrastructure.ControllerActionInvoker.Next(State& next, Scope& scope, Object& state, Boolean& isCompleted)
   at Microsoft.AspNetCore.Mvc.Infrastructure.ControllerActionInvoker.<InvokeInnerFilterAsync>g__Awaited|13_0(ControllerActionInvoker invoker, Task lastTask, State next, Scope scope, Object state, Boolean isCompleted)
   at Microsoft.AspNetCore.Mvc.Infrastructure.ResourceInvoker.<InvokeFilterPipelineAsync>g__Awaited|20_0(ResourceInvoker invoker, Task lastTask, State next, Scope scope, Object state, Boolean isCompleted)
   at Microsoft.AspNetCore.Mvc.Infrastructure.ResourceInvoker.<InvokeAsync>g__Awaited|17_0(ResourceInvoker invoker, Task task, IDisposable scope)
   at Microsoft.AspNetCore.Mvc.Infrastructure.ResourceInvoker.<InvokeAsync>g__Awaited|17_0(ResourceInvoker invoker, Task task, IDisposable scope)
   at Microsoft.AspNetCore.Authorization.AuthorizationMiddleware.Invoke(HttpContext context)
   at Swashbuckle.AspNetCore.SwaggerUI.SwaggerUIMiddleware.Invoke(HttpContext httpContext)
   at Swashbuckle.AspNetCore.Swagger.SwaggerMiddleware.Invoke(HttpContext httpContext, ISwaggerProvider swaggerProvider)
   at Microsoft.AspNetCore.Authentication.AuthenticationMiddleware.Invoke(HttpContext context)
   at Microsoft.AspNetCore.Diagnostics.DeveloperExceptionPageMiddlewareImpl.Invoke(HttpContext context)
